<?xml version="1.0" encoding="UTF-8"?>
<testsuite xmlns:xsi="http://www.w3.org/2001/XMLSchema-instance" xsi:noNamespaceSchemaLocation="https://maven.apache.org/surefire/maven-surefire-plugin/xsd/surefire-test-report.xsd" version="3.0.2" name="com.swp.security.ApplicationTest" time="6.627" tests="14" errors="0" skipped="0" failures="0">
  <properties>
[...]
</properties>
  <testcase name="loginPageReturnsOk" classname="com.swp.security.ApplicationTest" time="1.565">
    <system-out><![CDATA[21:51:36.767 [main] INFO org.springframework.test.context.support.AnnotationConfigContextLoaderUtils -- Could not detect default configuration classes for test class [com.swp.security.ApplicationTest]: ApplicationTest does not declare any static, non-private, non-final, nested classes annotated with @Configuration.
21:51:37.044 [main] INFO org.springframework.boot.test.context.SpringBootTestContextBootstrapper -- Found @SpringBootConfiguration com.swp.security.Application for test class com.swp.security.ApplicationTest

  .   ____          _            __ _ _
 /\\ / ___'_ __ _ _(_)_ __  __ _ \ \ \ \
( ( )\___ | '_ | '_| | '_ \/ _` | \ \ \ \
 \\/  ___)| |_)| | | | | || (_| |  ) ) ) )
  '  |____| .__|_| |_|_| |_\__, | / / / /
 =========|_|==============|___/=/_/_/_/

 :: Spring Boot ::                (v4.0.0)

2026-03-18T21:51:38.001+02:00  INFO 12892 --- [security-demo] [           main] com.swp.security.ApplicationTest         : Starting ApplicationTest using Java 25.0.2 with PID 12892 (started by dobro in C:\Users\dobro\OneDrive\Desktop\PhD\Teaching\Server_Web_Programming\server-web-programming\examples\java\11-security)
2026-03-18T21:51:38.003+02:00  INFO 12892 --- [security-demo] [           main] com.swp.security.ApplicationTest         : No active profile set, falling back to 1 default profile: "default"
2026-03-18T21:51:40.260+02:00  INFO 12892 --- [security-demo] [           main] r$InitializeUserDetailsManagerConfigurer : Global AuthenticationManager configured with UserDetailsService bean with name users
2026-03-18T21:51:40.585+02:00  INFO 12892 --- [security-demo] [           main] o.s.b.w.a.WelcomePageHandlerMapping      : Adding welcome page template: index
2026-03-18T21:51:41.114+02:00  INFO 12892 --- [security-demo] [           main] com.swp.security.ApplicationTest         : Started ApplicationTest in 3.777 seconds (process running for 5.831)
2026-03-18T21:51:42.235+02:00  INFO 12892 --- [security-demo] [           main] o.s.b.t.m.w.SpringBootMockServletContext : Initializing Spring TestDispatcherServlet ''
2026-03-18T21:51:42.235+02:00  INFO 12892 --- [security-demo] [           main] o.s.t.web.servlet.TestDispatcherServlet  : Initializing Servlet ''
2026-03-18T21:51:42.236+02:00  INFO 12892 --- [security-demo] [           main] o.s.t.web.servlet.TestDispatcherServlet  : Completed initialization in 1 ms
]]></system-out>
    <system-err><![CDATA[Mockito is currently self-attaching to enable the inline-mock-maker. This will no longer work in future releases of the JDK. Please add Mockito as an agent to your build as described in Mockito's documentation: https://javadoc.io/doc/org.mockito/mockito-core/latest/org.mockito/org/mockito/Mockito.html#0.3
WARNING: A Java agent has been loaded dynamically (C:\Users\dobro\.m2\repository\net\bytebuddy\byte-buddy-agent\1.17.8\byte-buddy-agent-1.17.8.jar)
WARNING: If a serviceability tool is in use, please run with -XX:+EnableDynamicAgentLoading to hide this warning
WARNING: If a serviceability tool is not in use, please run with -Djdk.instrument.traceUsage for more information
WARNING: Dynamic loading of agents will be disallowed by default in a future release
]]></system-err>
  </testcase>
  <testcase name="homePageHasContentSecurityPolicyHeader" classname="com.swp.security.ApplicationTest" time="0.084">
    <system-out><![CDATA[2026-03-18T21:51:42.714+02:00  INFO 12892 --- [security-demo] [           main] o.s.b.t.m.w.SpringBootMockServletContext : Initializing Spring TestDispatcherServlet ''
2026-03-18T21:51:42.714+02:00  INFO 12892 --- [security-demo] [           main] o.s.t.web.servlet.TestDispatcherServlet  : Initializing Servlet ''
2026-03-18T21:51:42.715+02:00  INFO 12892 --- [security-demo] [           main] o.s.t.web.servlet.TestDispatcherServlet  : Completed initialization in 1 ms
]]></system-out>
  </testcase>
  <testcase name="headersDemoReturnsOk" classname="com.swp.security.ApplicationTest" time="0.012">
    <system-out><![CDATA[2026-03-18T21:51:42.798+02:00  INFO 12892 --- [security-demo] [           main] o.s.b.t.m.w.SpringBootMockServletContext : Initializing Spring TestDispatcherServlet ''
2026-03-18T21:51:42.799+02:00  INFO 12892 --- [security-demo] [           main] o.s.t.web.servlet.TestDispatcherServlet  : Initializing Servlet ''
2026-03-18T21:51:42.799+02:00  INFO 12892 --- [security-demo] [           main] o.s.t.web.servlet.TestDispatcherServlet  : Completed initialization in 0 ms
]]></system-out>
  </testcase>
  <testcase name="csrfDemoPostWithoutCsrfReturnsForbidden" classname="com.swp.security.ApplicationTest" time="0.007">
    <system-out><![CDATA[2026-03-18T21:51:42.816+02:00  INFO 12892 --- [security-demo] [           main] o.s.b.t.m.w.SpringBootMockServletContext : Initializing Spring TestDispatcherServlet ''
2026-03-18T21:51:42.816+02:00  INFO 12892 --- [security-demo] [           main] o.s.t.web.servlet.TestDispatcherServlet  : Initializing Servlet ''
2026-03-18T21:51:42.816+02:00  INFO 12892 --- [security-demo] [           main] o.s.t.web.servlet.TestDispatcherServlet  : Completed initialization in 0 ms
]]></system-out>
  </testcase>
  <testcase name="xssDemoGetReturnsOk" classname="com.swp.security.ApplicationTest" time="0.044">
    <system-out><![CDATA[2026-03-18T21:51:42.826+02:00  INFO 12892 --- [security-demo] [           main] o.s.b.t.m.w.SpringBootMockServletContext : Initializing Spring TestDispatcherServlet ''
2026-03-18T21:51:42.828+02:00  INFO 12892 --- [security-demo] [           main] o.s.t.web.servlet.TestDispatcherServlet  : Initializing Servlet ''
2026-03-18T21:51:42.831+02:00  INFO 12892 --- [security-demo] [           main] o.s.t.web.servlet.TestDispatcherServlet  : Completed initialization in 2 ms
]]></system-out>
  </testcase>
  <testcase name="protectedPageAuthenticatedReturnsOk" classname="com.swp.security.ApplicationTest" time="0.026">
    <system-out><![CDATA[2026-03-18T21:51:42.871+02:00  INFO 12892 --- [security-demo] [           main] o.s.b.t.m.w.SpringBootMockServletContext : Initializing Spring TestDispatcherServlet ''
2026-03-18T21:51:42.872+02:00  INFO 12892 --- [security-demo] [           main] o.s.t.web.servlet.TestDispatcherServlet  : Initializing Servlet ''
2026-03-18T21:51:42.875+02:00  INFO 12892 --- [security-demo] [           main] o.s.t.web.servlet.TestDispatcherServlet  : Completed initialization in 3 ms
]]></system-out>
  </testcase>
  <testcase name="xssDemoPostWithoutCsrfReturnsForbidden" classname="com.swp.security.ApplicationTest" time="0.004">
    <system-out><![CDATA[2026-03-18T21:51:42.898+02:00  INFO 12892 --- [security-demo] [           main] o.s.b.t.m.w.SpringBootMockServletContext : Initializing Spring TestDispatcherServlet ''
2026-03-18T21:51:42.898+02:00  INFO 12892 --- [security-demo] [           main] o.s.t.web.servlet.TestDispatcherServlet  : Initializing Servlet ''
2026-03-18T21:51:42.899+02:00  INFO 12892 --- [security-demo] [           main] o.s.t.web.servlet.TestDispatcherServlet  : Completed initialization in 1 ms
]]></system-out>
  </testcase>
  <testcase name="csrfDemoPostWithCsrfReturnsOk" classname="com.swp.security.ApplicationTest" time="0.019">
    <system-out><![CDATA[2026-03-18T21:51:42.903+02:00  INFO 12892 --- [security-demo] [           main] o.s.b.t.m.w.SpringBootMockServletContext : Initializing Spring TestDispatcherServlet ''
2026-03-18T21:51:42.903+02:00  INFO 12892 --- [security-demo] [           main] o.s.t.web.servlet.TestDispatcherServlet  : Initializing Servlet ''
2026-03-18T21:51:42.903+02:00  INFO 12892 --- [security-demo] [           main] o.s.t.web.servlet.TestDispatcherServlet  : Completed initialization in 0 ms
]]></system-out>
  </testcase>
  <testcase name="xssDemoPostWithCsrfReturnsOk" classname="com.swp.security.ApplicationTest" time="0.076">
    <system-out><![CDATA[2026-03-18T21:51:42.922+02:00  INFO 12892 --- [security-demo] [           main] o.s.b.t.m.w.SpringBootMockServletContext : Initializing Spring TestDispatcherServlet ''
2026-03-18T21:51:42.922+02:00  INFO 12892 --- [security-demo] [           main] o.s.t.web.servlet.TestDispatcherServlet  : Initializing Servlet ''
2026-03-18T21:51:42.928+02:00  INFO 12892 --- [security-demo] [           main] o.s.t.web.servlet.TestDispatcherServlet  : Completed initialization in 5 ms
]]></system-out>
  </testcase>
  <testcase name="homePageReturnsOk" classname="com.swp.security.ApplicationTest" time="0.014">
    <system-out><![CDATA[2026-03-18T21:51:43.000+02:00  INFO 12892 --- [security-demo] [           main] o.s.b.t.m.w.SpringBootMockServletContext : Initializing Spring TestDispatcherServlet ''
2026-03-18T21:51:43.001+02:00  INFO 12892 --- [security-demo] [           main] o.s.t.web.servlet.TestDispatcherServlet  : Initializing Servlet ''
2026-03-18T21:51:43.002+02:00  INFO 12892 --- [security-demo] [           main] o.s.t.web.servlet.TestDispatcherServlet  : Completed initialization in 1 ms
]]></system-out>
  </testcase>
  <testcase name="homePageHasXContentTypeOptionsHeader" classname="com.swp.security.ApplicationTest" time="0.015">
    <system-out><![CDATA[2026-03-18T21:51:43.017+02:00  INFO 12892 --- [security-demo] [           main] o.s.b.t.m.w.SpringBootMockServletContext : Initializing Spring TestDispatcherServlet ''
2026-03-18T21:51:43.018+02:00  INFO 12892 --- [security-demo] [           main] o.s.t.web.servlet.TestDispatcherServlet  : Initializing Servlet ''
2026-03-18T21:51:43.019+02:00  INFO 12892 --- [security-demo] [           main] o.s.t.web.servlet.TestDispatcherServlet  : Completed initialization in 1 ms
]]></system-out>
  </testcase>
  <testcase name="protectedPageAnonymousRedirectsToLogin" classname="com.swp.security.ApplicationTest" time="0.016">
    <system-out><![CDATA[2026-03-18T21:51:43.034+02:00  INFO 12892 --- [security-demo] [           main] o.s.b.t.m.w.SpringBootMockServletContext : Initializing Spring TestDispatcherServlet ''
2026-03-18T21:51:43.035+02:00  INFO 12892 --- [security-demo] [           main] o.s.t.web.servlet.TestDispatcherServlet  : Initializing Servlet ''
2026-03-18T21:51:43.036+02:00  INFO 12892 --- [security-demo] [           main] o.s.t.web.servlet.TestDispatcherServlet  : Completed initialization in 1 ms
]]></system-out>
  </testcase>
  <testcase name="homePageHasXFrameOptionsHeader" classname="com.swp.security.ApplicationTest" time="0.009">
    <system-out><![CDATA[2026-03-18T21:51:43.051+02:00  INFO 12892 --- [security-demo] [           main] o.s.b.t.m.w.SpringBootMockServletContext : Initializing Spring TestDispatcherServlet ''
2026-03-18T21:51:43.051+02:00  INFO 12892 --- [security-demo] [           main] o.s.t.web.servlet.TestDispatcherServlet  : Initializing Servlet ''
2026-03-18T21:51:43.052+02:00  INFO 12892 --- [security-demo] [           main] o.s.t.web.servlet.TestDispatcherServlet  : Completed initialization in 0 ms
]]></system-out>
  </testcase>
  <testcase name="csrfDemoGetReturnsOk" classname="com.swp.security.ApplicationTest" time="0.005">
    <system-out><![CDATA[2026-03-18T21:51:43.066+02:00  INFO 12892 --- [security-demo] [           main] o.s.b.t.m.w.SpringBootMockServletContext : Initializing Spring TestDispatcherServlet ''
2026-03-18T21:51:43.066+02:00  INFO 12892 --- [security-demo] [           main] o.s.t.web.servlet.TestDispatcherServlet  : Initializing Servlet ''
2026-03-18T21:51:43.067+02:00  INFO 12892 --- [security-demo] [           main] o.s.t.web.servlet.TestDispatcherServlet  : Completed initialization in 1 ms
]]></system-out>
  </testcase>
</testsuite>