<?xml version="1.0" encoding="UTF-8"?>
<testsuite xmlns:xsi="http://www.w3.org/2001/XMLSchema-instance" xsi:noNamespaceSchemaLocation="https://maven.apache.org/surefire/maven-surefire-plugin/xsd/surefire-test-report.xsd" version="3.0.2" name="com.swp.http.ApplicationTest" time="4.631" tests="9" errors="0" skipped="0" failures="0">
  <properties>
[...]
</properties>
  <testcase name="itemByIdReturns200" classname="com.swp.http.ApplicationTest" time="1.42">
    <system-out><![CDATA[21:57:51.366 [main] INFO org.springframework.test.context.support.AnnotationConfigContextLoaderUtils -- Could not detect default configuration classes for test class [com.swp.http.ApplicationTest]: ApplicationTest does not declare any static, non-private, non-final, nested classes annotated with @Configuration.
21:57:51.801 [main] INFO org.springframework.boot.test.context.SpringBootTestContextBootstrapper -- Found @SpringBootConfiguration com.swp.http.Application for test class com.swp.http.ApplicationTest

  .   ____          _            __ _ _
 /\\ / ___'_ __ _ _(_)_ __  __ _ \ \ \ \
( ( )\___ | '_ | '_| | '_ \/ _` | \ \ \ \
 \\/  ___)| |_)| | | | | || (_| |  ) ) ) )
  '  |____| .__|_| |_|_| |_\__, | / / / /
 =========|_|==============|___/=/_/_/_/

 :: Spring Boot ::                (v4.0.0)

2026-03-15T21:57:52.448+02:00  INFO 18980 --- [02-http] [           main] com.swp.http.ApplicationTest             : Starting ApplicationTest using Java 25.0.2 with PID 18980 (started by dobro in C:\Users\dobro\OneDrive\Desktop\PhD\Teaching\Server_Web_Programming\server-web-programming\examples\java\02-http)
2026-03-15T21:57:52.449+02:00  INFO 18980 --- [02-http] [           main] com.swp.http.ApplicationTest             : No active profile set, falling back to 1 default profile: "default"
2026-03-15T21:57:53.611+02:00  INFO 18980 --- [02-http] [           main] o.s.b.w.a.WelcomePageHandlerMapping      : Adding welcome page template: index
2026-03-15T21:57:54.082+02:00  INFO 18980 --- [02-http] [           main] com.swp.http.ApplicationTest             : Started ApplicationTest in 2.005 seconds (process running for 3.882)
2026-03-15T21:57:54.974+02:00  INFO 18980 --- [02-http] [           main] o.s.b.t.m.w.SpringBootMockServletContext : Initializing Spring TestDispatcherServlet ''
2026-03-15T21:57:54.975+02:00  INFO 18980 --- [02-http] [           main] o.s.t.web.servlet.TestDispatcherServlet  : Initializing Servlet ''
2026-03-15T21:57:54.977+02:00  INFO 18980 --- [02-http] [           main] o.s.t.web.servlet.TestDispatcherServlet  : Completed initialization in 1 ms
]]></system-out>
    <system-err><![CDATA[Mockito is currently self-attaching to enable the inline-mock-maker. This will no longer work in future releases of the JDK. Please add Mockito as an agent to your build as described in Mockito's documentation: https://javadoc.io/doc/org.mockito/mockito-core/latest/org.mockito/org/mockito/Mockito.html#0.3
WARNING: A Java agent has been loaded dynamically (C:\Users\dobro\.m2\repository\net\bytebuddy\byte-buddy-agent\1.17.8\byte-buddy-agent-1.17.8.jar)
WARNING: If a serviceability tool is in use, please run with -XX:+EnableDynamicAgentLoading to hide this warning
WARNING: If a serviceability tool is not in use, please run with -Djdk.instrument.traceUsage for more information
WARNING: Dynamic loading of agents will be disallowed by default in a future release
]]></system-err>
  </testcase>
  <testcase name="addFormReturns200" classname="com.swp.http.ApplicationTest" time="0.026">
    <system-out><![CDATA[2026-03-15T21:57:55.533+02:00  INFO 18980 --- [02-http] [           main] o.s.b.t.m.w.SpringBootMockServletContext : Initializing Spring TestDispatcherServlet ''
2026-03-15T21:57:55.533+02:00  INFO 18980 --- [02-http] [           main] o.s.t.web.servlet.TestDispatcherServlet  : Initializing Servlet ''
2026-03-15T21:57:55.535+02:00  INFO 18980 --- [02-http] [           main] o.s.t.web.servlet.TestDispatcherServlet  : Completed initialization in 1 ms
]]></system-out>
  </testcase>
  <testcase name="itemNotFoundReturns404" classname="com.swp.http.ApplicationTest" time="0.01">
    <system-out><![CDATA[2026-03-15T21:57:55.562+02:00  INFO 18980 --- [02-http] [           main] o.s.b.t.m.w.SpringBootMockServletContext : Initializing Spring TestDispatcherServlet ''
2026-03-15T21:57:55.562+02:00  INFO 18980 --- [02-http] [           main] o.s.t.web.servlet.TestDispatcherServlet  : Initializing Servlet ''
2026-03-15T21:57:55.563+02:00  INFO 18980 --- [02-http] [           main] o.s.t.web.servlet.TestDispatcherServlet  : Completed initialization in 1 ms
]]></system-out>
  </testcase>
  <testcase name="homePageReturns200" classname="com.swp.http.ApplicationTest" time="0.015">
    <system-out><![CDATA[2026-03-15T21:57:55.577+02:00  INFO 18980 --- [02-http] [           main] o.s.b.t.m.w.SpringBootMockServletContext : Initializing Spring TestDispatcherServlet ''
2026-03-15T21:57:55.577+02:00  INFO 18980 --- [02-http] [           main] o.s.t.web.servlet.TestDispatcherServlet  : Initializing Servlet ''
2026-03-15T21:57:55.578+02:00  INFO 18980 --- [02-http] [           main] o.s.t.web.servlet.TestDispatcherServlet  : Completed initialization in 1 ms
]]></system-out>
  </testcase>
  <testcase name="oldSearchRedirects301" classname="com.swp.http.ApplicationTest" time="0.018">
    <system-out><![CDATA[2026-03-15T21:57:55.595+02:00  INFO 18980 --- [02-http] [           main] o.s.b.t.m.w.SpringBootMockServletContext : Initializing Spring TestDispatcherServlet ''
2026-03-15T21:57:55.596+02:00  INFO 18980 --- [02-http] [           main] o.s.t.web.servlet.TestDispatcherServlet  : Initializing Servlet ''
2026-03-15T21:57:55.597+02:00  INFO 18980 --- [02-http] [           main] o.s.t.web.servlet.TestDispatcherServlet  : Completed initialization in 1 ms
]]></system-out>
  </testcase>
  <testcase name="searchWithQueryParametersReturns200" classname="com.swp.http.ApplicationTest" time="0.052">
    <system-out><![CDATA[2026-03-15T21:57:55.614+02:00  INFO 18980 --- [02-http] [           main] o.s.b.t.m.w.SpringBootMockServletContext : Initializing Spring TestDispatcherServlet ''
2026-03-15T21:57:55.614+02:00  INFO 18980 --- [02-http] [           main] o.s.t.web.servlet.TestDispatcherServlet  : Initializing Servlet ''
2026-03-15T21:57:55.615+02:00  INFO 18980 --- [02-http] [           main] o.s.t.web.servlet.TestDispatcherServlet  : Completed initialization in 0 ms
]]></system-out>
  </testcase>
  <testcase name="addPostRedirects" classname="com.swp.http.ApplicationTest" time="0.015">
    <system-out><![CDATA[2026-03-15T21:57:55.673+02:00  INFO 18980 --- [02-http] [           main] o.s.b.t.m.w.SpringBootMockServletContext : Initializing Spring TestDispatcherServlet ''
2026-03-15T21:57:55.674+02:00  INFO 18980 --- [02-http] [           main] o.s.t.web.servlet.TestDispatcherServlet  : Initializing Servlet ''
2026-03-15T21:57:55.674+02:00  INFO 18980 --- [02-http] [           main] o.s.t.web.servlet.TestDispatcherServlet  : Completed initialization in 0 ms
]]></system-out>
  </testcase>
  <testcase name="statusCodeEndpointReturnsCorrectStatus" classname="com.swp.http.ApplicationTest" time="0.016">
    <system-out><![CDATA[2026-03-15T21:57:55.684+02:00  INFO 18980 --- [02-http] [           main] o.s.b.t.m.w.SpringBootMockServletContext : Initializing Spring TestDispatcherServlet ''
2026-03-15T21:57:55.685+02:00  INFO 18980 --- [02-http] [           main] o.s.t.web.servlet.TestDispatcherServlet  : Initializing Servlet ''
2026-03-15T21:57:55.690+02:00  INFO 18980 --- [02-http] [           main] o.s.t.web.servlet.TestDispatcherServlet  : Completed initialization in 4 ms
]]></system-out>
  </testcase>
  <testcase name="headersPageReturns200" classname="com.swp.http.ApplicationTest" time="0.023">
    <system-out><![CDATA[2026-03-15T21:57:55.709+02:00  INFO 18980 --- [02-http] [           main] o.s.b.t.m.w.SpringBootMockServletContext : Initializing Spring TestDispatcherServlet ''
2026-03-15T21:57:55.709+02:00  INFO 18980 --- [02-http] [           main] o.s.t.web.servlet.TestDispatcherServlet  : Initializing Servlet ''
2026-03-15T21:57:55.710+02:00  INFO 18980 --- [02-http] [           main] o.s.t.web.servlet.TestDispatcherServlet  : Completed initialization in 1 ms
]]></system-out>
  </testcase>
</testsuite>