<?xml version="1.0" encoding="UTF-8"?>
<testsuite xmlns:xsi="http://www.w3.org/2001/XMLSchema-instance" xsi:noNamespaceSchemaLocation="https://maven.apache.org/surefire/maven-surefire-plugin/xsd/surefire-test-report.xsd" version="3.0.2" name="com.swp.frameworks.ApplicationTest" time="3.932" tests="3" errors="0" skipped="0" failures="0">
  <properties>
[...]
</properties>
  <testcase name="beansEndpointReturns200" classname="com.swp.frameworks.ApplicationTest" time="1.049">
    <system-out><![CDATA[21:59:31.107 [main] INFO org.springframework.test.context.support.AnnotationConfigContextLoaderUtils -- Could not detect default configuration classes for test class [com.swp.frameworks.ApplicationTest]: ApplicationTest does not declare any static, non-private, non-final, nested classes annotated with @Configuration.
21:59:31.351 [main] INFO org.springframework.boot.test.context.SpringBootTestContextBootstrapper -- Found @SpringBootConfiguration com.swp.frameworks.Application for test class com.swp.frameworks.ApplicationTest

  .   ____          _            __ _ _
 /\\ / ___'_ __ _ _(_)_ __  __ _ \ \ \ \
( ( )\___ | '_ | '_| | '_ \/ _` | \ \ \ \
 \\/  ___)| |_)| | | | | || (_| |  ) ) ) )
  '  |____| .__|_| |_|_| |_\__, | / / / /
 =========|_|==============|___/=/_/_/_/

 :: Spring Boot ::                (v4.0.0)

2026-03-15T21:59:31.925+02:00  INFO 12640 --- [04-frameworks] [           main] com.swp.frameworks.ApplicationTest       : Starting ApplicationTest using Java 25.0.2 with PID 12640 (started by dobro in C:\Users\dobro\OneDrive\Desktop\PhD\Teaching\Server_Web_Programming\server-web-programming\examples\java\04-frameworks)
2026-03-15T21:59:31.928+02:00  INFO 12640 --- [04-frameworks] [           main] com.swp.frameworks.ApplicationTest       : No active profile set, falling back to 1 default profile: "default"
2026-03-15T21:59:33.594+02:00  INFO 12640 --- [04-frameworks] [           main] com.swp.frameworks.ApplicationTest       : Started ApplicationTest in 2.018 seconds (process running for 3.727)
2026-03-15T21:59:34.483+02:00  INFO 12640 --- [04-frameworks] [           main] o.s.b.t.m.w.SpringBootMockServletContext : Initializing Spring TestDispatcherServlet ''
2026-03-15T21:59:34.484+02:00  INFO 12640 --- [04-frameworks] [           main] o.s.t.web.servlet.TestDispatcherServlet  : Initializing Servlet ''
2026-03-15T21:59:34.492+02:00  INFO 12640 --- [04-frameworks] [           main] o.s.t.web.servlet.TestDispatcherServlet  : Completed initialization in 6 ms
]]></system-out>
    <system-err><![CDATA[Mockito is currently self-attaching to enable the inline-mock-maker. This will no longer work in future releases of the JDK. Please add Mockito as an agent to your build as described in Mockito's documentation: https://javadoc.io/doc/org.mockito/mockito-core/latest/org.mockito/org/mockito/Mockito.html#0.3
WARNING: A Java agent has been loaded dynamically (C:\Users\dobro\.m2\repository\net\bytebuddy\byte-buddy-agent\1.17.8\byte-buddy-agent-1.17.8.jar)
WARNING: If a serviceability tool is in use, please run with -XX:+EnableDynamicAgentLoading to hide this warning
WARNING: If a serviceability tool is not in use, please run with -Djdk.instrument.traceUsage for more information
WARNING: Dynamic loading of agents will be disallowed by default in a future release
]]></system-err>
  </testcase>
  <testcase name="greetWithNameReturns200" classname="com.swp.frameworks.ApplicationTest" time="0.06">
    <system-out><![CDATA[2026-03-15T21:59:34.699+02:00  INFO 12640 --- [04-frameworks] [           main] o.s.b.t.m.w.SpringBootMockServletContext : Initializing Spring TestDispatcherServlet ''
2026-03-15T21:59:34.700+02:00  INFO 12640 --- [04-frameworks] [           main] o.s.t.web.servlet.TestDispatcherServlet  : Initializing Servlet ''
2026-03-15T21:59:34.707+02:00  INFO 12640 --- [04-frameworks] [           main] o.s.t.web.servlet.TestDispatcherServlet  : Completed initialization in 6 ms
]]></system-out>
  </testcase>
  <testcase name="containerEndpointReturns200" classname="com.swp.frameworks.ApplicationTest" time="0.018">
    <system-out><![CDATA[2026-03-15T21:59:34.762+02:00  INFO 12640 --- [04-frameworks] [           main] o.s.b.t.m.w.SpringBootMockServletContext : Initializing Spring TestDispatcherServlet ''
2026-03-15T21:59:34.762+02:00  INFO 12640 --- [04-frameworks] [           main] o.s.t.web.servlet.TestDispatcherServlet  : Initializing Servlet ''
2026-03-15T21:59:34.763+02:00  INFO 12640 --- [04-frameworks] [           main] o.s.t.web.servlet.TestDispatcherServlet  : Completed initialization in 1 ms
]]></system-out>
  </testcase>
</testsuite>